0011110111100010000010
0011010101000010000010
0010110110000001100010
0010100101100010100010
0011101000000010000010
0100101001100011100100
0010100111000010000011
0011100111000010100010
0010000100100010000010
0011010101100010100001
0100101000100010100010
0011000111000011000010
0011000101000010000001
0001110101000000100001
0101101010000001000010
0101011100000010100100
0100101001100001100100
0011110111100010000011
0101011001000011100011
0011111001000010100011
0100100111000011100010
0011111000100010100100
0010101000000000000010
0011110110100011100101
0011000111000100100010
0011100101000011000010
0011100111000011000100
0100000111100010100010
0100000111000010000010
0010110110000011000010
0011000101100011000010
0100100111000010100100
0100001010100010100001
0100111011000010000010
0011010101100010100001
0011100110000001000010
0100110111100001100010
0011010101100010100001
0010000101000001100010
0011110111000010100010
0011100111100001100011
0010010001100001100011
0010000110000001100010
0011100111100011000110
0011111001000100100100
0011000101000010000011
0011111001000011000010
0010100110000010000010
0100011000100010100010
0011100110100010000010
1000100110010010101110
0111000110010001101111
1000010101110011101111
0100110001101111001101
0111010100010010001111
0101010100010001101101
0110110110110010110000
0011010010001011101010
0111100100110010001101
0100000011101110101110
0011100000001100101010
0101110101010000001111
0110000001001111001010
0110010100110010101110
0101000100101101001101
0111110101110001001110
0101000101010001101111
0101100011101111101010
0110100001010001101111
0101000010101110101011
0101110110010011010010
0110010100001111001101
0110110010110011101111
0110010100010010101100
0111000100110000101101
0111100101010001001110
1000000100010011001110
0111110101010100010001
0110000100110001101111
0101010011001100101010
0100110010001110001011
0100110010001101101010
0101100011101110101100
0110000011110100110000
0100100101010001101111
0110000111010001110000
0111110101110010101111
0110110001110001001101
0101000101001111101101
0100110010101111001101
0100110011010001001100
0110010101010010001110
0101100011001111001100
0011100001101011101010
0101000011110000001101
0101010101010000001100
0101010100110000001101
0110100100110000101101
0011110010101010001011
0101010100001111101101
0110110110111001011001
0101100011110100110011
1000110101011000110101
0110110100110111010010
0111010101011000010110
1010000101011100010101
0011010010110001110001
1001010100111010110010
0111110010111000010010
1001001000011001111001
0111010110010100110100
0111000011110101110011
1000000101010110110101
0101010010110100010100
0101100100010100111000
0111000110010101110111
0111010101010110110010
1010011001011100110110
1010010011011101110111
0110000001010100001111
1000010110010111110111
0101000100010011110100
1010010100011100110100
0110110011110011110010
0111110110110111110101
1001000110011001010010
0110100100010011010010
0110010101010011110010
0111000100010111010101
1001000101011000010000
1001100100011001110011
1010111001011011010100
0111000100010111010110
0110110100010100101111
0110010011010111001110
1010010101011001110111
0110110111010111011000
0111000101110110110010
0110000101010011010010
1000010101110110010101
0111110101110111011000
1000010101110100110111
0101100011110100110011
1000000110011000110111
0111110110110111111001
0111110101010101010111
0110110010110100010011
0111010101010101010100
0110100111010110010111
0101110101010100110010
